{
  "RSpec": {
    "coverage": {
      "/home/aleks/flashcards/app/uploaders/avatar_uploader.rb": [
        null,
        null,
        1,
        null,
        null,
        null,
        1,
        null,
        1,
        null,
        null,
        1,
        null,
        null,
        null,
        null,
        1,
        2,
        null,
        null,
        null,
        null,
        null,
        null,
        null,
        null,
        null,
        null,
        null,
        null,
        null,
        null,
        null,
        null,
        null,
        null,
        1,
        1,
        null,
        null,
        null,
        null,
        1,
        4,
        null,
        null,
        null,
        null,
        null,
        null,
        null,
        null,
        null
      ],
      "/home/aleks/flashcards/app/models/card.rb": [
        1,
        1,
        1,
        1,
        null,
        1,
        1,
        1,
        null,
        1,
        21,
        null,
        null,
        1,
        47,
        0,
        null,
        null,
        null,
        21,
        null,
        1,
        20,
        null,
        null,
        1,
        23,
        23,
        null,
        null,
        1,
        0,
        0,
        null,
        null,
        null
      ],
      "/home/aleks/flashcards/app/models/deck.rb": [
        1,
        1,
        1,
        null,
        1,
        null,
        null
      ],
      "/home/aleks/flashcards/app/mailers/notifications_mailer.rb": [
        1,
        null,
        1,
        3,
        3,
        null,
        null
      ],
      "/home/aleks/flashcards/app/mailers/application_mailer.rb": [
        1,
        1,
        1,
        null
      ],
      "/home/aleks/flashcards/app/models/user.rb": [
        null,
        1,
        1,
        0,
        null,
        1,
        1,
        1,
        1,
        null,
        null,
        1,
        27,
        27,
        27,
        1,
        null
      ],
      "/home/aleks/flashcards/app/models/authentication.rb": [
        1,
        1,
        null
      ],
      "/home/aleks/flashcards/app/controllers/dashboard/cards_controller.rb": [
        1,
        1,
        null,
        1,
        19,
        1,
        null,
        18,
        null,
        19,
        19,
        19,
        null,
        null,
        null,
        1,
        3,
        3,
        3,
        1,
        null,
        1,
        1,
        1,
        null,
        3,
        null,
        null,
        1,
        0,
        null,
        null,
        1,
        null,
        null,
        1,
        0,
        null,
        null,
        1,
        null,
        null,
        1,
        0,
        0,
        null,
        null,
        1,
        0,
        null,
        null,
        1,
        0,
        0,
        null,
        null,
        1,
        1,
        0,
        0,
        null,
        null,
        1,
        0,
        null,
        null,
        null
      ],
      "/home/aleks/flashcards/app/controllers/application_controller.rb": [
        1,
        1,
        1,
        1,
        null,
        1,
        65,
        34,
        null,
        2,
        null,
        2,
        null,
        27,
        null,
        65,
        39,
        null,
        null,
        null,
        1,
        null,
        1,
        11,
        null,
        null
      ],
      "/home/aleks/flashcards/app/controllers/home/user_sessions_controller.rb": [
        1,
        1,
        null,
        1,
        22,
        null,
        null,
        1,
        9,
        9,
        null,
        0,
        0,
        null,
        null,
        null,
        1,
        0,
        0,
        null,
        null
      ],
      "/home/aleks/flashcards/app/services/super_memo.rb": [
        1,
        null,
        1,
        23,
        23,
        23,
        23,
        23,
        null,
        null,
        null,
        null,
        null,
        null,
        23,
        null,
        null,
        1,
        23,
        16,
        7,
        3,
        null,
        4,
        null,
        null,
        null,
        1,
        23,
        23,
        null,
        null,
        1,
        23,
        12,
        11,
        5,
        null,
        6,
        null,
        null,
        null
      ],
      "/home/aleks/flashcards/app/controllers/dashboard/decks_controller.rb": [
        1,
        1,
        null,
        1,
        1,
        1,
        null,
        null,
        1,
        2,
        null,
        null,
        1,
        null,
        null,
        1,
        1,
        null,
        null,
        1,
        null,
        null,
        1,
        1,
        1,
        null,
        null,
        1,
        0,
        null,
        null,
        1,
        0,
        0,
        null,
        null,
        1,
        1,
        1,
        1,
        null,
        null,
        1,
        1,
        null,
        null
      ],
      "/home/aleks/flashcards/app/controllers/dashboard/users_controller.rb": [
        1,
        1,
        1,
        null,
        1,
        0,
        null,
        null,
        1,
        null,
        null,
        1,
        0,
        null,
        null,
        1,
        null,
        null,
        1,
        0,
        0,
        0,
        0,
        null,
        0,
        null,
        null,
        null,
        1,
        2,
        2,
        null,
        0,
        null,
        null,
        null,
        1,
        0,
        0,
        null,
        null,
        1,
        1,
        6,
        null,
        null,
        1,
        2,
        null,
        null
      ]
    },
    "timestamp": 1464503137
  }
}
